01/07 14:32:41 <FONT color="#2266CC"><U>User 'system' connected successfully</U></FONT>
01/07 14:32:42 <FONT color="#CC6622"><U>User 'system' disconnected</U></FONT>
01/07 14:32:56 <FONT color="#2266CC"><U>User 'system' connected successfully</U></FONT>
01/07 14:34:37 <FONT color="#2266CC"><U>User 'system' connected successfully</U></FONT>
01/07 14:38:14 <FONT color="#2266CC"><U>User 'system' connected successfully</U></FONT>
01/07 14:38:16 <FONT color="#CC6622"><U>User 'system' disconnected</U></FONT>
01/07 14:38:20 <FONT color="#2266CC"><U>User 'system' connected successfully</U></FONT>
01/07 14:46:15 <FONT color="#2266CC"><U>User 'system' connected successfully</U></FONT>
01/07 14:51:34 <FONT color="#2266CC"><U>User 'system' connected successfully</U></FONT>
01/07 14:51:41 User 'system' try to start thread 'SubServer1'
01/07 14:51:42 <FONT color="#0033CC"><B>SubServer1 started</B></FONT>
01/07 14:52:03 User 'system' try to start thread 'SubServer2'
01/07 14:52:04 <FONT color="#0033CC"><B>SubServer2 started</B></FONT>
01/07 14:52:15 User 'system' try to start thread 'SubServer3'
01/07 14:52:16 <FONT color="#0033CC"><B>SubServer3 started</B></FONT>
01/07 14:59:50 <FONT color="#2266CC"><U>User 'system' connected successfully</U></FONT>
01/07 15:01:29 User 'system' try to start thread 'SubServer1'
01/07 15:01:30 <FONT color="#0033CC"><B>SubServer1 started</B></FONT>
01/07 15:02:33 User 'system' try to start thread 'SubServer2'
01/07 15:02:33 <FONT color="#0033CC"><B>SubServer2 started</B></FONT>
01/07 15:03:46 User 'system' try to start thread 'SubServer3'
01/07 15:03:46 <FONT color="#0033CC"><B>SubServer3 started</B></FONT>
01/07 15:12:00 <FONT color="#2266CC"><U>User 'system' connected successfully</U></FONT>
01/07 15:12:06 User 'system' try to start thread 'SubServer1'
01/07 15:12:07 <FONT color="#0033CC"><B>SubServer1 started</B></FONT>
01/07 15:12:09 User 'system' try to start thread 'SubServer2'
01/07 15:12:10 <FONT color="#0033CC"><B>SubServer2 started</B></FONT>
01/07 15:12:12 User 'system' try to start thread 'SubServer3'
01/07 15:12:13 <FONT color="#0033CC"><B>SubServer3 started</B></FONT>
01/07 15:25:14 <FONT color="#2266CC"><U>User 'system' connected successfully</U></FONT>
01/07 15:25:17 User 'system' try to start thread 'SubServer1'
01/07 15:25:17 <FONT color="#0033CC"><B>SubServer1 started</B></FONT>
01/07 15:25:21 User 'system' try to start thread 'SubServer2'
01/07 15:25:21 <FONT color="#0033CC"><B>SubServer2 started</B></FONT>
01/07 15:25:26 User 'system' try to start thread 'SubServer3'
01/07 15:25:26 <FONT color="#0033CC"><B>SubServer3 started</B></FONT>
01/07 16:24:31 <FONT color="#2266CC"><U>User 'system' connected successfully</U></FONT>
01/07 16:24:35 User 'system' try to start thread 'SubServer1'
01/07 16:24:36 <FONT color="#0033CC"><B>SubServer1 started</B></FONT>
01/07 16:24:48 User 'system' try to start thread 'SubServer2'
01/07 16:24:49 <FONT color="#0033CC"><B>SubServer2 started</B></FONT>
01/07 16:24:54 User 'system' try to start thread 'SubServer3'
01/07 16:24:55 <FONT color="#0033CC"><B>SubServer3 started</B></FONT>
01/07 16:28:39 <FONT color="#2266CC"><U>User 'system' connected successfully</U></FONT>
01/07 16:28:44 User 'system' try to start thread 'SubServer1'
01/07 16:28:44 <FONT color="#0033CC"><B>SubServer1 started</B></FONT>
01/07 16:28:57 User 'system' try to start thread 'SubServer2'
01/07 16:28:57 <FONT color="#0033CC"><B>SubServer2 started</B></FONT>
01/07 16:29:03 User 'system' try to start thread 'SubServer3'
01/07 16:29:03 <FONT color="#0033CC"><B>SubServer3 started</B></FONT>
01/07 16:39:23 <FONT color="#2266CC"><U>User 'system' connected successfully</U></FONT>
01/07 16:39:26 User 'system' try to start thread 'SubServer1'
01/07 16:39:27 <FONT color="#0033CC"><B>SubServer1 started</B></FONT>
01/07 16:39:30 User 'system' try to start thread 'SubServer2'
01/07 16:39:31 <FONT color="#0033CC"><B>SubServer2 started</B></FONT>
01/07 16:39:34 User 'system' try to start thread 'SubServer3'
01/07 16:39:35 <FONT color="#0033CC"><B>SubServer3 started</B></FONT>
01/07 16:45:50 <FONT color="#2266CC"><U>User 'system' connected successfully</U></FONT>
01/07 16:45:54 User 'system' try to start thread 'SubServer1'
01/07 16:45:54 <FONT color="#0033CC"><B>SubServer1 started</B></FONT>
01/07 16:45:57 User 'system' try to start thread 'SubServer2'
01/07 16:45:57 <FONT color="#0033CC"><B>SubServer2 started</B></FONT>
01/07 16:46:00 User 'system' try to start thread 'SubServer3'
01/07 16:46:00 <FONT color="#0033CC"><B>SubServer3 started</B></FONT>
01/07 16:50:19 User 'system' try to destroy thread 'SubServer1'
01/07 16:50:29 User 'system' try to start thread 'SubServer1'
01/07 16:50:30 <FONT color="#0033CC"><B>SubServer1 started</B></FONT>
01/07 16:51:18 <FONT color="#CC6622"><U>User 'system' disconnected</U></FONT>
01/07 21:08:01 <FONT color="#2266CC"><U>User 'system' connected successfully</U></FONT>
01/07 21:08:04 User 'system' try to start thread 'SubServer1'
01/07 21:08:04 <FONT color="#0033CC"><B>SubServer1 started</B></FONT>
01/07 21:08:09 User 'system' try to start thread 'SubServer2'
01/07 21:08:09 <FONT color="#0033CC"><B>SubServer2 started</B></FONT>
01/07 21:08:16 User 'system' try to start thread 'SubServer3'
01/07 21:08:16 <FONT color="#0033CC"><B>SubServer3 started</B></FONT>
01/07 21:20:21 User 'system' try to destroy thread 'SubServer1'
01/07 21:30:35 User 'system' try to start thread 'SubServer1'
01/07 21:30:35 <FONT color="#0033CC"><B>SubServer1 started</B></FONT>
01/07 23:05:41 <FONT color="#CC6622"><U>User 'system' disconnected</U></FONT>
02/07 08:40:59 <FONT color="#2266CC"><U>User 'system' connected successfully</U></FONT>
02/07 08:41:02 User 'system' try to start thread 'SubServer1'
02/07 08:41:02 <FONT color="#0033CC"><B>SubServer1 started</B></FONT>
02/07 08:41:07 User 'system' try to start thread 'SubServer2'
02/07 08:41:07 <FONT color="#0033CC"><B>SubServer2 started</B></FONT>
02/07 08:41:09 User 'system' try to start thread 'SubServer3'
02/07 08:41:09 <FONT color="#0033CC"><B>SubServer3 started</B></FONT>
02/07 08:41:53 User 'system' try to destroy thread 'SubServer1'
02/07 08:44:17 User 'system' try to start thread 'SubServer1'
02/07 08:44:18 <FONT color="#0033CC"><B>SubServer1 started</B></FONT>
02/07 08:44:34 User 'system' try to destroy thread 'SubServer1'
02/07 08:45:48 <FONT color="#2266CC"><U>User 'system' connected successfully</U></FONT>
02/07 08:45:51 User 'system' try to start thread 'SubServer1'
02/07 08:45:51 <FONT color="#0033CC"><B>SubServer1 started</B></FONT>
02/07 08:45:54 User 'system' try to start thread 'SubServer2'
02/07 08:45:54 <FONT color="#0033CC"><B>SubServer2 started</B></FONT>
02/07 08:45:56 User 'system' try to start thread 'SubServer3'
02/07 08:45:56 <FONT color="#0033CC"><B>SubServer3 started</B></FONT>
02/07 08:46:25 User 'system' try to destroy thread 'SubServer1'
02/07 08:47:39 User 'system' try to start thread 'SubServer1'
02/07 08:47:39 <FONT color="#0033CC"><B>SubServer1 started</B></FONT>
02/07 08:48:07 User 'system' try to destroy thread 'SubServer1'
02/07 08:51:22 User 'system' try to start thread 'SubServer1'
02/07 08:51:22 <FONT color="#0033CC"><B>SubServer1 started</B></FONT>
02/07 08:51:51 User 'system' try to destroy thread 'SubServer1'
02/07 08:52:47 <FONT color="#2266CC"><U>User 'system' connected successfully</U></FONT>
02/07 08:52:50 User 'system' try to start thread 'SubServer1'
02/07 08:52:50 <FONT color="#0033CC"><B>SubServer1 started</B></FONT>
02/07 08:53:16 User 'system' try to destroy thread 'SubServer1'
02/07 08:57:07 <FONT color="#2266CC"><U>User 'system' connected successfully</U></FONT>
02/07 08:57:10 User 'system' try to start thread 'SubServer1'
02/07 08:57:11 <FONT color="#0033CC"><B>SubServer1 started</B></FONT>
02/07 08:57:35 User 'system' try to destroy thread 'SubServer1'
02/07 08:59:39 <FONT color="#2266CC"><U>User 'system' connected successfully</U></FONT>
02/07 08:59:42 User 'system' try to start thread 'SubServer1'
02/07 08:59:42 <FONT color="#0033CC"><B>SubServer1 started</B></FONT>
02/07 09:00:06 User 'system' try to destroy thread 'SubServer1'
02/07 09:01:56 <FONT color="#2266CC"><U>User 'system' connected successfully</U></FONT>
02/07 09:01:59 User 'system' try to start thread 'SubServer1'
02/07 09:01:59 <FONT color="#0033CC"><B>SubServer1 started</B></FONT>
02/07 09:02:19 User 'system' try to destroy thread 'SubServer1'
02/07 09:05:58 <FONT color="#2266CC"><U>User 'system' connected successfully</U></FONT>
02/07 09:06:01 User 'system' try to start thread 'SubServer1'
02/07 09:06:01 <FONT color="#0033CC"><B>SubServer1 started</B></FONT>
02/07 09:06:06 User 'system' try to start thread 'SubServer2'
02/07 09:06:06 <FONT color="#0033CC"><B>SubServer2 started</B></FONT>
02/07 09:06:10 User 'system' try to start thread 'SubServer3'
02/07 09:06:10 <FONT color="#0033CC"><B>SubServer3 started</B></FONT>
02/07 09:09:53 <FONT color="#2266CC"><U>User 'system' connected successfully</U></FONT>
02/07 09:09:56 User 'system' try to start thread 'SubServer1'
02/07 09:09:57 <FONT color="#0033CC"><B>SubServer1 started</B></FONT>
02/07 09:10:00 User 'system' try to start thread 'SubServer2'
02/07 09:10:01 <FONT color="#0033CC"><B>SubServer2 started</B></FONT>
02/07 09:10:02 User 'system' try to start thread 'SubServer3'
02/07 09:10:03 <FONT color="#0033CC"><B>SubServer3 started</B></FONT>
02/07 09:17:14 <FONT color="#2266CC"><U>User 'system' connected successfully</U></FONT>
02/07 09:17:17 User 'system' try to start thread 'SubServer1'
02/07 09:17:18 <FONT color="#0033CC"><B>SubServer1 started</B></FONT>
02/07 09:17:22 User 'system' try to start thread 'SubServer2'
02/07 09:17:23 <FONT color="#0033CC"><B>SubServer2 started</B></FONT>
02/07 09:17:25 User 'system' try to start thread 'SubServer3'
02/07 09:17:26 <FONT color="#0033CC"><B>SubServer3 started</B></FONT>
02/07 09:21:37 <FONT color="#2266CC"><U>User 'system' connected successfully</U></FONT>
02/07 09:21:40 User 'system' try to start thread 'SubServer1'
02/07 09:21:40 <FONT color="#0033CC"><B>SubServer1 started</B></FONT>
02/07 09:21:42 User 'system' try to start thread 'SubServer2'
02/07 09:21:42 <FONT color="#0033CC"><B>SubServer2 started</B></FONT>
02/07 09:21:45 User 'system' try to start thread 'SubServer3'
02/07 09:21:45 <FONT color="#0033CC"><B>SubServer3 started</B></FONT>
02/07 09:22:38 <FONT color="#2266CC"><U>User 'system' connected successfully</U></FONT>
02/07 09:22:41 User 'system' try to start thread 'SubServer1'
02/07 09:22:42 <FONT color="#0033CC"><B>SubServer1 started</B></FONT>
02/07 09:22:43 User 'system' try to start thread 'SubServer2'
02/07 09:22:44 <FONT color="#0033CC"><B>SubServer2 started</B></FONT>
02/07 09:22:45 User 'system' try to start thread 'SubServer3'
02/07 09:22:46 <FONT color="#0033CC"><B>SubServer3 started</B></FONT>
02/07 09:23:37 <FONT color="#2266CC"><U>User 'system' connected successfully</U></FONT>
02/07 09:23:40 User 'system' try to start thread 'SubServer1'
02/07 09:23:41 <FONT color="#0033CC"><B>SubServer1 started</B></FONT>
02/07 09:23:42 User 'system' try to start thread 'SubServer2'
02/07 09:23:43 <FONT color="#0033CC"><B>SubServer2 started</B></FONT>
02/07 09:23:44 User 'system' try to start thread 'SubServer3'
02/07 09:23:45 <FONT color="#0033CC"><B>SubServer3 started</B></FONT>
02/07 09:26:35 <FONT color="#2266CC"><U>User 'system' connected successfully</U></FONT>
02/07 09:26:38 User 'system' try to start thread 'SubServer1'
02/07 09:26:38 <FONT color="#0033CC"><B>SubServer1 started</B></FONT>
02/07 09:26:40 User 'system' try to start thread 'SubServer2'
02/07 09:26:40 <FONT color="#0033CC"><B>SubServer2 started</B></FONT>
02/07 09:26:44 User 'system' try to start thread 'SubServer3'
02/07 09:26:44 <FONT color="#0033CC"><B>SubServer3 started</B></FONT>
02/07 09:28:06 <FONT color="#2266CC"><U>User 'system' connected successfully</U></FONT>
02/07 09:28:09 User 'system' try to start thread 'SubServer1'
02/07 09:28:09 <FONT color="#0033CC"><B>SubServer1 started</B></FONT>
02/07 09:28:11 User 'system' try to start thread 'SubServer2'
02/07 09:28:11 <FONT color="#0033CC"><B>SubServer2 started</B></FONT>
02/07 09:28:13 User 'system' try to start thread 'SubServer3'
02/07 09:28:13 <FONT color="#0033CC"><B>SubServer3 started</B></FONT>
02/07 09:31:07 <FONT color="#2266CC"><U>User 'system' connected successfully</U></FONT>
02/07 09:31:10 User 'system' try to start thread 'SubServer1'
02/07 09:31:11 <FONT color="#0033CC"><B>SubServer1 started</B></FONT>
02/07 09:31:13 User 'system' try to start thread 'SubServer2'
02/07 09:31:14 <FONT color="#0033CC"><B>SubServer2 started</B></FONT>
02/07 09:31:16 User 'system' try to start thread 'SubServer3'
02/07 09:31:17 <FONT color="#0033CC"><B>SubServer3 started</B></FONT>
02/07 09:38:06 <FONT color="#2266CC"><U>User 'system' connected successfully</U></FONT>
02/07 09:38:09 User 'system' try to start thread 'SubServer1'
02/07 09:38:09 <FONT color="#0033CC"><B>SubServer1 started</B></FONT>
02/07 09:38:12 User 'system' try to start thread 'SubServer2'
02/07 09:38:12 <FONT color="#0033CC"><B>SubServer2 started</B></FONT>
02/07 09:38:16 User 'system' try to start thread 'SubServer3'
02/07 09:38:16 <FONT color="#0033CC"><B>SubServer3 started</B></FONT>
02/07 09:41:14 <FONT color="#2266CC"><U>User 'system' connected successfully</U></FONT>
02/07 09:41:17 User 'system' try to start thread 'SubServer1'
02/07 09:41:18 <FONT color="#0033CC"><B>SubServer1 started</B></FONT>
02/07 09:41:56 User 'system' try to start thread 'SubServer2'
02/07 09:41:57 <FONT color="#0033CC"><B>SubServer2 started</B></FONT>
02/07 09:42:15 User 'system' try to start thread 'SubServer3'
02/07 09:42:16 <FONT color="#0033CC"><B>SubServer3 started</B></FONT>
02/07 09:44:37 <FONT color="#2266CC"><U>User 'system' connected successfully</U></FONT>
02/07 09:44:40 User 'system' try to start thread 'SubServer1'
02/07 09:44:41 <FONT color="#0033CC"><B>SubServer1 started</B></FONT>
02/07 09:44:42 User 'system' try to start thread 'SubServer2'
02/07 09:44:43 <FONT color="#0033CC"><B>SubServer2 started</B></FONT>
02/07 09:44:44 User 'system' try to start thread 'SubServer3'
02/07 09:44:45 <FONT color="#0033CC"><B>SubServer3 started</B></FONT>
02/07 09:47:08 <FONT color="#2266CC"><U>User 'system' connected successfully</U></FONT>
02/07 09:47:13 User 'system' try to start thread 'SubServer1'
02/07 09:47:13 <FONT color="#0033CC"><B>SubServer1 started</B></FONT>
02/07 09:47:24 User 'system' try to start thread 'SubServer2'
02/07 09:47:24 <FONT color="#0033CC"><B>SubServer2 started</B></FONT>
02/07 09:47:30 User 'system' try to start thread 'SubServer3'
02/07 09:47:30 <FONT color="#0033CC"><B>SubServer3 started</B></FONT>
02/07 09:51:58 <FONT color="#2266CC"><U>User 'system' connected successfully</U></FONT>
02/07 09:52:03 User 'system' try to start thread 'SubServer1'
02/07 09:52:03 <FONT color="#0033CC"><B>SubServer1 started</B></FONT>
02/07 09:52:40 <FONT color="#2266CC"><U>User 'system' connected successfully</U></FONT>
02/07 09:52:43 User 'system' try to start thread 'SubServer1'
02/07 09:52:43 <FONT color="#0033CC"><B>SubServer1 started</B></FONT>
02/07 09:52:47 User 'system' try to start thread 'SubServer2'
02/07 09:52:47 <FONT color="#0033CC"><B>SubServer2 started</B></FONT>
02/07 09:52:50 User 'system' try to start thread 'SubServer3'
02/07 09:52:50 <FONT color="#0033CC"><B>SubServer3 started</B></FONT>
02/07 09:54:04 <FONT color="#2266CC"><U>User 'system' connected successfully</U></FONT>
02/07 09:54:07 User 'system' try to start thread 'SubServer1'
02/07 09:54:08 <FONT color="#0033CC"><B>SubServer1 started</B></FONT>
02/07 09:54:12 User 'system' try to start thread 'SubServer2'
02/07 09:54:13 <FONT color="#0033CC"><B>SubServer2 started</B></FONT>
02/07 09:54:15 User 'system' try to start thread 'SubServer3'
02/07 09:54:16 <FONT color="#0033CC"><B>SubServer3 started</B></FONT>
02/07 09:58:06 <FONT color="#2266CC"><U>User 'system' connected successfully</U></FONT>
02/07 09:58:11 User 'system' try to start thread 'SubServer1'
02/07 09:58:11 <FONT color="#0033CC"><B>SubServer1 started</B></FONT>
02/07 09:58:14 User 'system' try to start thread 'SubServer2'
02/07 09:58:14 <FONT color="#0033CC"><B>SubServer2 started</B></FONT>
02/07 09:58:19 User 'system' try to start thread 'SubServer3'
02/07 09:58:19 <FONT color="#0033CC"><B>SubServer3 started</B></FONT>
02/07 10:00:40 <FONT color="#2266CC"><U>User 'system' connected successfully</U></FONT>
02/07 10:00:43 User 'system' try to start thread 'SubServer1'
02/07 10:00:44 <FONT color="#0033CC"><B>SubServer1 started</B></FONT>
02/07 10:00:50 User 'system' try to start thread 'SubServer2'
02/07 10:00:51 <FONT color="#0033CC"><B>SubServer2 started</B></FONT>
02/07 10:00:55 User 'system' try to start thread 'SubServer3'
02/07 10:00:56 <FONT color="#0033CC"><B>SubServer3 started</B></FONT>
02/07 10:03:39 <FONT color="#2266CC"><U>User 'system' connected successfully</U></FONT>
02/07 10:03:44 User 'system' try to start thread 'SubServer1'
02/07 10:03:45 <FONT color="#0033CC"><B>SubServer1 started</B></FONT>
02/07 10:03:49 User 'system' try to start thread 'SubServer2'
02/07 10:03:50 <FONT color="#0033CC"><B>SubServer2 started</B></FONT>
02/07 10:03:54 User 'system' try to start thread 'SubServer3'
02/07 10:03:55 <FONT color="#0033CC"><B>SubServer3 started</B></FONT>
02/07 10:07:39 <FONT color="#2266CC"><U>User 'system' connected successfully</U></FONT>
02/07 10:07:48 User 'system' try to start thread 'SubServer1'
02/07 10:07:48 <FONT color="#0033CC"><B>SubServer1 started</B></FONT>
02/07 10:07:52 User 'system' try to start thread 'SubServer2'
02/07 10:07:52 <FONT color="#0033CC"><B>SubServer2 started</B></FONT>
02/07 10:07:55 User 'system' try to start thread 'SubServer3'
02/07 10:07:55 <FONT color="#0033CC"><B>SubServer3 started</B></FONT>
02/07 10:12:13 User 'system' try to destroy thread 'SubServer2'
02/07 10:35:04 <FONT color="#2266CC"><U>User 'system' connected successfully</U></FONT>
02/07 11:10:49 <FONT color="#2266CC"><U>User 'system' connected successfully</U></FONT>
02/07 11:14:30 User 'system' try to start thread 'SubServer1'
02/07 11:14:31 <FONT color="#0033CC"><B>SubServer1 started</B></FONT>
02/07 11:14:41 User 'system' try to start thread 'SubServer2'
02/07 11:14:42 <FONT color="#0033CC"><B>SubServer2 started</B></FONT>
02/07 11:14:46 User 'system' try to start thread 'SubServer3'
02/07 11:14:47 <FONT color="#0033CC"><B>SubServer3 started</B></FONT>
02/07 11:15:57 User 'system' try to destroy thread 'SubServer2'
02/07 11:18:44 User 'system' try to start thread 'SubServer2'
02/07 11:18:45 <FONT color="#0033CC"><B>SubServer2 started</B></FONT>
02/07 11:20:17 <FONT color="#2266CC"><U>User 'system' connected successfully</U></FONT>
02/07 11:20:21 User 'system' try to start thread 'SubServer1'
02/07 11:20:22 <FONT color="#0033CC"><B>SubServer1 started</B></FONT>
02/07 11:20:24 User 'system' try to start thread 'SubServer2'
02/07 11:20:25 <FONT color="#0033CC"><B>SubServer2 started</B></FONT>
02/07 11:20:28 User 'system' try to start thread 'SubServer3'
02/07 11:20:29 <FONT color="#0033CC"><B>SubServer3 started</B></FONT>
02/07 11:22:30 User 'system' try to destroy thread 'SubServer2'
02/07 11:22:47 User 'system' try to start thread 'SubServer2'
02/07 11:22:48 <FONT color="#0033CC"><B>SubServer2 started</B></FONT>
02/07 11:33:04 User 'system' try to destroy thread 'SubServer3'
02/07 11:44:20 <FONT color="#2266CC"><U>User 'system' connected successfully</U></FONT>
02/07 11:44:23 User 'system' try to start thread 'SubServer1'
02/07 11:44:23 <FONT color="#0033CC"><B>SubServer1 started</B></FONT>
02/07 11:44:26 User 'system' try to start thread 'SubServer2'
02/07 11:44:26 <FONT color="#0033CC"><B>SubServer2 started</B></FONT>
02/07 11:44:29 User 'system' try to start thread 'SubServer3'
02/07 11:44:29 <FONT color="#0033CC"><B>SubServer3 started</B></FONT>
02/07 11:45:41 User 'system' try to destroy thread 'SubServer3'
02/07 11:48:36 <FONT color="#2266CC"><U>User 'system' connected successfully</U></FONT>
02/07 11:48:39 User 'system' try to start thread 'SubServer1'
02/07 11:48:40 <FONT color="#0033CC"><B>SubServer1 started</B></FONT>
02/07 11:53:39 <FONT color="#2266CC"><U>User 'system' connected successfully</U></FONT>
02/07 11:53:53 User 'system' try to start thread 'SubServer1'
02/07 11:53:54 <FONT color="#0033CC"><B>SubServer1 started</B></FONT>
02/07 11:53:56 User 'system' try to start thread 'SubServer2'
02/07 11:53:57 <FONT color="#0033CC"><B>SubServer2 started</B></FONT>
02/07 11:55:26 <FONT color="#2266CC"><U>User 'system' connected successfully</U></FONT>
02/07 11:55:29 User 'system' try to start thread 'SubServer1'
02/07 11:55:30 <FONT color="#0033CC"><B>SubServer1 started</B></FONT>
02/07 11:55:32 User 'system' try to start thread 'SubServer2'
02/07 11:55:33 <FONT color="#0033CC"><B>SubServer2 started</B></FONT>
02/07 11:58:22 <FONT color="#2266CC"><U>User 'system' connected successfully</U></FONT>
02/07 11:58:25 User 'system' try to start thread 'SubServer1'
02/07 11:58:25 <FONT color="#0033CC"><B>SubServer1 started</B></FONT>
02/07 11:58:27 User 'system' try to start thread 'SubServer2'
02/07 11:58:27 <FONT color="#0033CC"><B>SubServer2 started</B></FONT>
02/07 11:59:20 <FONT color="#2266CC"><U>User 'system' connected successfully</U></FONT>
02/07 11:59:26 User 'system' try to start thread 'SubServer1'
02/07 11:59:26 <FONT color="#0033CC"><B>SubServer1 started</B></FONT>
02/07 11:59:29 User 'system' try to start thread 'SubServer2'
02/07 11:59:29 <FONT color="#0033CC"><B>SubServer2 started</B></FONT>
02/07 12:00:00 <FONT color="#2266CC"><U>User 'system' connected successfully</U></FONT>
02/07 12:00:03 User 'system' try to start thread 'SubServer1'
02/07 12:00:04 <FONT color="#0033CC"><B>SubServer1 started</B></FONT>
02/07 12:00:05 User 'system' try to start thread 'SubServer2'
02/07 12:00:06 <FONT color="#0033CC"><B>SubServer2 started</B></FONT>
02/07 14:05:38 <FONT color="#2266CC"><U>User 'system' connected successfully</U></FONT>
02/07 14:05:42 User 'system' try to start thread 'SubServer1'
02/07 14:05:42 <FONT color="#0033CC"><B>SubServer1 started</B></FONT>
02/07 14:18:36 <FONT color="#2266CC"><U>User 'system' connected successfully</U></FONT>
02/07 14:18:39 User 'system' try to start thread 'SubServer1'
02/07 14:18:39 <FONT color="#0033CC"><B>SubServer1 started</B></FONT>
02/07 14:18:42 User 'system' try to start thread 'SubServer2'
02/07 14:18:42 <FONT color="#0033CC"><B>SubServer2 started</B></FONT>
02/07 14:35:53 <FONT color="#2266CC"><U>User 'system' connected successfully</U></FONT>
02/07 14:35:59 User 'system' try to start thread 'SubServer1'
02/07 14:35:59 <FONT color="#0033CC"><B>SubServer1 started</B></FONT>
02/07 14:36:04 User 'system' try to start thread 'SubServer2'
02/07 14:36:04 <FONT color="#0033CC"><B>SubServer2 started</B></FONT>
02/07 15:02:48 User 'system' try to stop thread 'SubServer2'
02/07 15:02:52 User 'system' try to start thread 'SubServer3'
02/07 15:02:53 <FONT color="#0033CC"><B>SubServer3 started</B></FONT>
02/07 15:03:06 User 'system' try to stop thread 'SubServer1'
02/07 15:03:06 User 'system' try to start thread 'SubServer1'
02/07 15:08:37 <FONT color="#2266CC"><U>User 'system' connected successfully</U></FONT>
02/07 15:08:43 User 'system' try to start thread 'SubServer1'
02/07 15:08:44 <FONT color="#0033CC"><B>SubServer1 started</B></FONT>
02/07 15:08:49 User 'system' try to stop thread 'SubServer1'
02/07 15:08:50 <FONT color="#CC0033"><B>SubServer1 stopped</B></FONT>
02/07 15:08:57 User 'system' try to start thread 'SubServer1'
02/07 15:08:58 <FONT color="#0033CC"><B>SubServer1 started</B></FONT>
02/07 15:09:05 User 'system' try to stop thread 'SubServer1'
02/07 15:09:06 <FONT color="#CC0033"><B>SubServer1 stopped</B></FONT>
02/07 15:09:10 User 'system' try to start thread 'SubServer1'
02/07 15:09:11 <FONT color="#0033CC"><B>SubServer1 started</B></FONT>
02/07 15:09:22 User 'system' try to start thread 'SubServer2'
02/07 15:09:23 <FONT color="#0033CC"><B>SubServer2 started</B></FONT>
02/07 15:09:27 User 'system' try to start thread 'SubServer3'
02/07 15:09:28 <FONT color="#0033CC"><B>SubServer3 started</B></FONT>
02/07 15:09:36 User 'system' try to stop thread 'SubServer3'
02/07 15:09:38 <FONT color="#CC0033"><B>SubServer3 stopped</B></FONT>
02/07 15:09:45 User 'system' try to start thread 'SubServer3'
02/07 15:09:46 <FONT color="#0033CC"><B>SubServer3 started</B></FONT>
02/07 15:10:05 User 'system' try to stop thread 'SubServer1'
02/07 15:10:05 User 'system' try to start thread 'SubServer1'
02/07 15:10:07 <FONT color="#CC0033"><B>SubServer1 stopped</B></FONT>
02/07 15:10:08 <FONT color="#0033CC"><B>SubServer1 started</B></FONT>
02/07 15:10:32 User 'system' try to stop thread 'SubServer1'
02/07 15:10:32 User 'system' try to start thread 'SubServer1'
02/07 15:10:33 User 'system' try to stop thread 'SubServer2'
02/07 15:10:33 User 'system' try to start thread 'SubServer2'
02/07 15:10:34 <FONT color="#CC0033"><B>SubServer1 stopped</B></FONT>
02/07 15:10:34 User 'system' try to stop thread 'SubServer3'
02/07 15:10:34 User 'system' try to start thread 'SubServer3'
02/07 15:10:35 <FONT color="#CC0033"><B>SubServer2 stopped</B></FONT>
02/07 15:10:35 <FONT color="#0033CC"><B>SubServer1 started</B></FONT>
02/07 15:10:36 <FONT color="#CC0033"><B>SubServer3 stopped</B></FONT>
02/07 15:10:37 <FONT color="#0033CC"><B>SubServer2 started</B></FONT>
02/07 15:10:38 <FONT color="#0033CC"><B>SubServer3 started</B></FONT>
02/07 15:10:52 User 'system' try to stop thread 'SubServer3'
02/07 15:10:54 <FONT color="#CC0033"><B>SubServer3 stopped</B></FONT>
02/07 15:10:56 User 'system' try to start thread 'SubServer3'
02/07 15:10:57 <FONT color="#0033CC"><B>SubServer3 started</B></FONT>
02/07 15:12:30 User 'system' try to stop thread 'SubServer1'
02/07 15:12:32 <FONT color="#CC0033"><B>SubServer1 stopped</B></FONT>
02/07 15:12:36 User 'system' try to start thread 'SubServer1'
02/07 15:12:37 <FONT color="#0033CC"><B>SubServer1 started</B></FONT>
02/07 15:16:51 User 'system' try to stop thread 'SubServer1'
02/07 15:16:52 <FONT color="#CC0033"><B>SubServer1 stopped</B></FONT>
02/07 15:16:58 User 'system' try to start thread 'SubServer1'
02/07 15:16:59 <FONT color="#0033CC"><B>SubServer1 started</B></FONT>
02/07 15:18:29 User 'system' try to stop thread 'SubServer3'
02/07 15:18:29 User 'system' try to start thread 'SubServer3'
02/07 15:18:30 User 'system' try to stop thread 'SubServer2'
02/07 15:18:30 User 'system' try to start thread 'SubServer2'
02/07 15:18:31 <FONT color="#CC0033"><B>SubServer3 stopped</B></FONT>
02/07 15:18:32 <FONT color="#CC0033"><B>SubServer2 stopped</B></FONT>
02/07 15:18:32 <FONT color="#0033CC"><B>SubServer3 started</B></FONT>
02/07 15:18:32 User 'system' try to stop thread 'SubServer1'
02/07 15:18:32 User 'system' try to start thread 'SubServer1'
02/07 15:18:34 <FONT color="#CC0033"><B>SubServer1 stopped</B></FONT>
02/07 15:18:34 <FONT color="#0033CC"><B>SubServer2 started</B></FONT>
02/07 15:18:36 <FONT color="#0033CC"><B>SubServer1 started</B></FONT>
02/07 16:20:04 <FONT color="#2266CC"><U>User 'system' connected successfully</U></FONT>
02/07 16:20:07 User 'system' try to start thread 'SubServer1'
02/07 16:20:08 <FONT color="#0033CC"><B>SubServer1 started</B></FONT>
05/07 09:50:22 <FONT color="#2266CC"><U>User 'system' connected successfully</U></FONT>
05/07 09:50:23 <FONT color="#CC6622"><U>User 'system' disconnected</U></FONT>
05/07 09:51:16 <FONT color="#2266CC"><U>User 'system' connected successfully</U></FONT>
05/07 09:53:35 <FONT color="#CC6622"><U>User 'system' disconnected</U></FONT>
05/07 09:54:03 <FONT color="#2266CC"><U>User 'system' connected successfully</U></FONT>
05/07 09:54:04 <FONT color="#CC6622"><U>User 'system' disconnected</U></FONT>
05/07 09:54:07 <FONT color="#2266CC"><U>User 'system' connected successfully</U></FONT>
05/07 09:54:30 User 'system' try to start thread 'SubServer2'
05/07 09:54:31 <FONT color="#0033CC"><B>SubServer2 started</B></FONT>
05/07 09:55:15 <FONT color="#2266CC"><U>User 'system' connected successfully</U></FONT>
05/07 09:58:37 User 'system' try to start thread 'SubServer'
05/07 09:58:38 <FONT color="#0033CC"><B>SubServer started</B></FONT>
05/07 10:02:33 <FONT color="#2266CC"><U>User 'system' connected successfully</U></FONT>
05/07 10:02:37 User 'system' try to start thread 'SubServer'
05/07 10:02:37 <FONT color="#0033CC"><B>SubServer started</B></FONT>
05/07 11:42:31 <FONT color="#2266CC"><U>User 'system' connected successfully</U></FONT>
05/07 11:42:35 User 'system' try to start thread 'SubServer'
05/07 11:42:35 <FONT color="#0033CC"><B>SubServer started</B></FONT>
05/07 11:50:02 User 'system' try to stop thread 'SubServer'
05/07 11:50:04 <FONT color="#CC0033"><B>SubServer stopped</B></FONT>
05/07 11:50:49 User 'system' try to start thread 'SubServer'
05/07 11:50:49 <FONT color="#0033CC"><B>SubServer started</B></FONT>
05/07 14:30:32 <FONT color="#2266CC"><U>User 'system' connected successfully</U></FONT>
05/07 14:30:38 User 'system' try to start thread 'SubServer'
05/07 14:30:39 <FONT color="#0033CC"><B>SubServer started</B></FONT>
05/07 14:34:18 User 'system' try to stop thread 'SubServer'
05/07 14:34:21 <FONT color="#CC0033"><B>SubServer stopped</B></FONT>
05/07 14:38:41 <FONT color="#2266CC"><U>User 'system' connected successfully</U></FONT>
05/07 14:38:44 User 'system' try to start thread 'SubServer'
05/07 14:38:44 <FONT color="#0033CC"><B>SubServer started</B></FONT>
05/07 14:40:11 User 'system' try to stop thread 'SubServer'
05/07 14:40:52 <FONT color="#CC0033"><B>SubServer stopped</B></FONT>
05/07 14:45:43 <FONT color="#2266CC"><U>User 'system' connected successfully</U></FONT>
05/07 14:45:47 User 'system' try to start thread 'SubServer'
05/07 14:45:47 <FONT color="#0033CC"><B>SubServer started</B></FONT>
05/07 14:50:41 <FONT color="#2266CC"><U>User 'system' connected successfully</U></FONT>
05/07 14:50:44 User 'system' try to start thread 'SubServer'
05/07 14:50:44 <FONT color="#0033CC"><B>SubServer started</B></FONT>
05/07 14:52:54 <FONT color="#CC6622"><U>User 'system' disconnected</U></FONT>
05/07 21:12:13 <FONT color="#2266CC"><U>User 'system' connected successfully</U></FONT>
05/07 21:12:18 User 'system' try to start thread 'SubServer'
05/07 21:12:18 <FONT color="#0033CC"><B>SubServer started</B></FONT>
05/07 21:13:28 User 'system' try to stop thread 'SubServer'
05/07 21:13:28 <FONT color="#CC0033"><B>SubServer stopped</B></FONT>
06/07 08:50:16 <FONT color="#2266CC"><U>User 'system' connected successfully</U></FONT>
06/07 08:51:58 User 'system' try to start thread 'SubServer'
06/07 08:51:58 <FONT color="#0033CC"><B>SubServer started</B></FONT>
06/07 09:31:41 <FONT color="#2266CC"><U>User 'system' connected successfully</U></FONT>
06/07 09:31:44 User 'system' try to start thread 'SubServer'
06/07 09:31:44 <FONT color="#0033CC"><B>SubServer started</B></FONT>
06/07 09:44:09 <FONT color="#2266CC"><U>User 'system' connected successfully</U></FONT>
06/07 09:44:12 User 'system' try to start thread 'SubServer'
06/07 09:44:13 <FONT color="#0033CC"><B>SubServer started</B></FONT>
06/07 09:46:59 <FONT color="#2266CC"><U>User 'system' connected successfully</U></FONT>
06/07 09:47:02 User 'system' try to start thread 'SubServer'
06/07 09:47:02 <FONT color="#0033CC"><B>SubServer started</B></FONT>
06/07 09:50:11 <FONT color="#2266CC"><U>User 'system' connected successfully</U></FONT>
06/07 09:50:14 User 'system' try to start thread 'SubServer'
06/07 09:50:15 <FONT color="#0033CC"><B>SubServer started</B></FONT>
06/07 09:54:42 <FONT color="#2266CC"><U>User 'system' connected successfully</U></FONT>
06/07 09:54:47 User 'system' try to start thread 'SubServer'
06/07 09:54:48 <FONT color="#0033CC"><B>SubServer started</B></FONT>
06/07 10:00:59 <FONT color="#2266CC"><U>User 'system' connected successfully</U></FONT>
06/07 10:01:02 User 'system' try to start thread 'SubServer'
06/07 10:01:02 <FONT color="#0033CC"><B>SubServer started</B></FONT>
06/07 10:06:56 <FONT color="#2266CC"><U>User 'system' connected successfully</U></FONT>
06/07 10:06:59 User 'system' try to start thread 'SubServer'
06/07 10:07:00 <FONT color="#0033CC"><B>SubServer started</B></FONT>
06/07 10:12:40 <FONT color="#2266CC"><U>User 'system' connected successfully</U></FONT>
06/07 10:12:43 User 'system' try to start thread 'SubServer'
06/07 10:12:44 <FONT color="#0033CC"><B>SubServer started</B></FONT>
06/07 10:13:56 User 'system' try to stop thread 'SubServer'
06/07 10:13:58 <FONT color="#CC0033"><B>SubServer stopped</B></FONT>
06/07 10:16:08 <FONT color="#2266CC"><U>User 'system' connected successfully</U></FONT>
06/07 10:16:11 User 'system' try to start thread 'SubServer'
06/07 10:16:12 <FONT color="#0033CC"><B>SubServer started</B></FONT>
06/07 10:31:08 <FONT color="#2266CC"><U>User 'system' connected successfully</U></FONT>
06/07 10:31:11 User 'system' try to start thread 'SubServer'
06/07 10:31:11 <FONT color="#0033CC"><B>SubServer started</B></FONT>
06/07 17:01:01 <FONT color="#2266CC"><U>User 'system' connected successfully</U></FONT>
06/07 17:01:06 User 'system' try to start thread 'SubServer'
06/07 17:01:06 <FONT color="#0033CC"><B>SubServer started</B></FONT>
06/07 17:03:55 <FONT color="#CC6622"><U>User 'system' disconnected</U></FONT>
06/07 17:05:26 <FONT color="#2266CC"><U>User 'system' connected successfully</U></FONT>
06/07 17:05:30 User 'system' try to start thread 'SubServer'
06/07 17:05:31 <FONT color="#0033CC"><B>SubServer started</B></FONT>
06/07 17:15:11 <FONT color="#2266CC"><U>User 'system' connected successfully</U></FONT>
06/07 17:15:23 User 'system' try to start thread 'SubServer'
06/07 17:15:24 <FONT color="#0033CC"><B>SubServer started</B></FONT>
06/07 22:29:35 <FONT color="#2266CC"><U>User 'system' connected successfully</U></FONT>
06/07 22:29:39 User 'system' try to start thread 'SubServer'
06/07 22:29:40 <FONT color="#0033CC"><B>SubServer started</B></FONT>
06/07 22:31:51 User 'system' try to destroy thread 'SubServer'
06/07 22:32:08 User 'system' try to start thread 'SubServer'
06/07 22:32:09 <FONT color="#0033CC"><B>SubServer started</B></FONT>
06/07 23:41:52 <FONT color="#2266CC"><U>User 'system' connected successfully</U></FONT>
06/07 23:41:59 User 'system' try to start thread 'SubServer'
06/07 23:42:00 <FONT color="#0033CC"><B>SubServer started</B></FONT>
06/07 23:59:52 <FONT color="#2266CC"><U>User 'system' connected successfully</U></FONT>
07/07 00:00:07 User 'system' try to start thread 'SubServer'
07/07 00:00:07 <FONT color="#0033CC"><B>SubServer started</B></FONT>
07/07 09:32:49 <FONT color="#2266CC"><U>User 'system' connected successfully</U></FONT>
07/07 09:32:59 User 'system' try to start thread 'SubServer'
07/07 09:33:00 <FONT color="#0033CC"><B>SubServer started</B></FONT>
07/07 09:43:48 <FONT color="#2266CC"><U>User 'system' connected successfully</U></FONT>
07/07 09:43:55 User 'system' try to start thread 'SubServer'
07/07 09:43:56 <FONT color="#0033CC"><B>SubServer started</B></FONT>
07/07 09:47:17 <FONT color="#2266CC"><U>User 'system' connected successfully</U></FONT>
07/07 09:47:20 User 'system' try to start thread 'SubServer'
07/07 09:47:21 <FONT color="#0033CC"><B>SubServer started</B></FONT>
07/07 09:52:02 <FONT color="#2266CC"><U>User 'system' connected successfully</U></FONT>
07/07 09:52:05 User 'system' try to start thread 'SubServer'
07/07 09:52:06 <FONT color="#0033CC"><B>SubServer started</B></FONT>
07/07 10:05:43 <FONT color="#2266CC"><U>User 'system' connected successfully</U></FONT>
07/07 10:05:48 User 'system' try to start thread 'SubServer'
07/07 10:05:49 <FONT color="#0033CC"><B>SubServer started</B></FONT>
07/07 10:11:40 <FONT color="#2266CC"><U>User 'system' connected successfully</U></FONT>
07/07 10:11:44 User 'system' try to start thread 'SubServer'
07/07 10:11:44 <FONT color="#0033CC"><B>SubServer started</B></FONT>
07/07 10:25:13 <FONT color="#2266CC"><U>User 'system' connected successfully</U></FONT>
07/07 10:25:16 User 'system' try to start thread 'SubServer'
07/07 10:25:17 <FONT color="#0033CC"><B>SubServer started</B></FONT>
07/07 10:29:37 <FONT color="#2266CC"><U>User 'system' connected successfully</U></FONT>
07/07 10:29:40 User 'system' try to start thread 'SubServer'
07/07 10:29:41 <FONT color="#0033CC"><B>SubServer started</B></FONT>
07/07 10:33:33 <FONT color="#2266CC"><U>User 'system' connected successfully</U></FONT>
07/07 10:33:36 User 'system' try to start thread 'SubServer'
07/07 10:33:36 <FONT color="#0033CC"><B>SubServer started</B></FONT>
07/07 10:38:23 <FONT color="#2266CC"><U>User 'system' connected successfully</U></FONT>
07/07 10:38:27 User 'system' try to start thread 'SubServer'
07/07 10:38:27 <FONT color="#0033CC"><B>SubServer started</B></FONT>
07/07 10:43:56 <FONT color="#2266CC"><U>User 'system' connected successfully</U></FONT>
07/07 10:43:59 User 'system' try to start thread 'SubServer'
07/07 10:44:00 <FONT color="#0033CC"><B>SubServer started</B></FONT>
07/07 10:47:59 <FONT color="#2266CC"><U>User 'system' connected successfully</U></FONT>
07/07 10:48:02 User 'system' try to start thread 'SubServer'
07/07 10:48:03 <FONT color="#0033CC"><B>SubServer started</B></FONT>
07/07 10:50:06 User 'system' try to stop thread 'SubServer'
07/07 10:50:07 <FONT color="#CC0033"><B>SubServer stopped</B></FONT>
07/07 10:52:04 <FONT color="#2266CC"><U>User 'system' connected successfully</U></FONT>
07/07 10:52:07 User 'system' try to start thread 'SubServer'
07/07 10:52:07 <FONT color="#0033CC"><B>SubServer started</B></FONT>
07/07 10:52:53 <FONT color="#2266CC"><U>User 'system' connected successfully</U></FONT>
07/07 10:52:56 User 'system' try to start thread 'SubServer'
07/07 10:52:57 <FONT color="#0033CC"><B>SubServer started</B></FONT>
07/07 11:00:12 <FONT color="#2266CC"><U>User 'system' connected successfully</U></FONT>
07/07 11:00:15 User 'system' try to start thread 'SubServer'
07/07 11:00:15 <FONT color="#0033CC"><B>SubServer started</B></FONT>
07/07 11:04:02 <FONT color="#2266CC"><U>User 'system' connected successfully</U></FONT>
07/07 11:04:05 User 'system' try to start thread 'SubServer'
07/07 11:04:05 <FONT color="#0033CC"><B>SubServer started</B></FONT>
07/07 11:09:53 <FONT color="#2266CC"><U>User 'system' connected successfully</U></FONT>
07/07 11:09:56 User 'system' try to start thread 'SubServer'
07/07 11:09:56 <FONT color="#0033CC"><B>SubServer started</B></FONT>
07/07 11:21:31 <FONT color="#2266CC"><U>User 'system' connected successfully</U></FONT>
07/07 11:21:41 User 'system' try to start thread 'SubServer'
07/07 11:21:42 <FONT color="#0033CC"><B>SubServer started</B></FONT>
07/07 11:25:09 <FONT color="#2266CC"><U>User 'system' connected successfully</U></FONT>
07/07 11:25:12 User 'system' try to start thread 'SubServer'
07/07 11:25:12 <FONT color="#0033CC"><B>SubServer started</B></FONT>
07/07 11:28:43 <FONT color="#2266CC"><U>User 'system' connected successfully</U></FONT>
07/07 11:28:46 User 'system' try to start thread 'SubServer'
07/07 11:28:47 <FONT color="#0033CC"><B>SubServer started</B></FONT>
07/07 11:35:48 <FONT color="#2266CC"><U>User 'system' connected successfully</U></FONT>
07/07 11:35:51 User 'system' try to start thread 'SubServer'
07/07 11:35:52 <FONT color="#0033CC"><B>SubServer started</B></FONT>
07/07 11:58:14 <FONT color="#2266CC"><U>User 'system' connected successfully</U></FONT>
07/07 11:58:17 User 'system' try to start thread 'SubServer'
07/07 11:58:18 <FONT color="#0033CC"><B>SubServer started</B></FONT>
07/07 14:14:02 <FONT color="#2266CC"><U>User 'system' connected successfully</U></FONT>
07/07 14:14:19 User 'system' try to start thread 'SubServer'
07/07 14:14:19 <FONT color="#0033CC"><B>SubServer started</B></FONT>
07/07 14:17:57 <FONT color="#CC6622"><U>User 'system' disconnected</U></FONT>
07/07 16:37:02 <FONT color="#2266CC"><U>User 'system' connected successfully</U></FONT>
07/07 16:37:55 User 'system' try to start thread 'SubServer'
07/07 16:37:56 <FONT color="#0033CC"><B>SubServer started</B></FONT>
07/07 16:38:04 User 'system' try to stop thread 'SubServer'
07/07 16:38:05 <FONT color="#CC0033"><B>SubServer stopped</B></FONT>
07/07 16:39:05 User 'system' try to start thread 'SubServer'
07/07 16:39:06 <FONT color="#0033CC"><B>SubServer started</B></FONT>
07/07 16:46:24 <FONT color="#2266CC"><U>User 'system' connected successfully</U></FONT>
07/07 16:46:28 User 'system' try to start thread 'SubServer'
07/07 16:46:29 <FONT color="#0033CC"><B>SubServer started</B></FONT>
07/07 16:50:25 User 'system' try to stop thread 'SubServer'
07/07 16:50:26 <FONT color="#CC0033"><B>SubServer stopped</B></FONT>
08/07 14:34:42 <FONT color="#2266CC"><U>User 'system' connected successfully</U></FONT>
08/07 14:34:42 <FONT color="#CC6622"><U>User 'system' disconnected</U></FONT>
08/07 14:34:43 <FONT color="#2266CC"><U>User 'system' connected successfully</U></FONT>
08/07 14:34:44 <FONT color="#CC6622"><U>User 'system' disconnected</U></FONT>
08/07 14:34:56 <FONT color="#2266CC"><U>User 'system' connected successfully</U></FONT>
08/07 14:34:56 <FONT color="#CC6622"><U>User 'system' disconnected</U></FONT>
08/07 14:35:17 <FONT color="#2266CC"><U>User 'system' connected successfully</U></FONT>
08/07 14:35:17 <FONT color="#CC6622"><U>User 'system' disconnected</U></FONT>
08/07 14:35:44 <FONT color="#2266CC"><U>User 'system' connected successfully</U></FONT>
08/07 14:35:44 <FONT color="#CC6622"><U>User 'system' disconnected</U></FONT>
08/07 14:38:01 <FONT color="#2266CC"><U>User 'system' connected successfully</U></FONT>
08/07 14:38:01 <FONT color="#CC6622"><U>User 'system' disconnected</U></FONT>
08/07 14:38:04 <FONT color="#2266CC"><U>User 'system' connected successfully</U></FONT>
08/07 14:38:04 <FONT color="#CC6622"><U>User 'system' disconnected</U></FONT>
08/07 14:40:02 <FONT color="#2266CC"><U>User 'system' connected successfully</U></FONT>
08/07 14:40:02 <FONT color="#CC6622"><U>User 'system' disconnected</U></FONT>
08/07 14:40:05 <FONT color="#2266CC"><U>User 'system' connected successfully</U></FONT>
08/07 14:40:05 <FONT color="#CC6622"><U>User 'system' disconnected</U></FONT>
08/07 14:40:36 <FONT color="#2266CC"><U>User 'system' connected successfully</U></FONT>
08/07 14:40:36 <FONT color="#CC6622"><U>User 'system' disconnected</U></FONT>
08/07 14:40:36 <FONT color="#2266CC"><U>User 'system' connected successfully</U></FONT>
08/07 14:40:36 <FONT color="#CC6622"><U>User 'system' disconnected</U></FONT>
08/07 14:40:38 <FONT color="#2266CC"><U>User 'system' connected successfully</U></FONT>
08/07 14:40:38 <FONT color="#CC6622"><U>User 'system' disconnected</U></FONT>
08/07 14:41:03 <FONT color="#2266CC"><U>User 'system' connected successfully</U></FONT>
08/07 14:41:04 <FONT color="#CC6622"><U>User 'system' disconnected</U></FONT>
08/07 14:41:05 <FONT color="#2266CC"><U>User 'system' connected successfully</U></FONT>
08/07 14:41:05 <FONT color="#CC6622"><U>User 'system' disconnected</U></FONT>
08/07 14:41:51 <FONT color="#2266CC"><U>User 'system' connected successfully</U></FONT>
08/07 14:41:51 <FONT color="#CC6622"><U>User 'system' disconnected</U></FONT>
08/07 14:43:04 <FONT color="#2266CC"><U>User 'system' connected successfully</U></FONT>
08/07 14:43:04 <FONT color="#CC6622"><U>User 'system' disconnected</U></FONT>
08/07 14:44:54 <FONT color="#2266CC"><U>User 'system' connected successfully</U></FONT>
08/07 14:44:54 <FONT color="#CC6622"><U>User 'system' disconnected</U></FONT>
08/07 14:46:03 <FONT color="#2266CC"><U>User 'system' connected successfully</U></FONT>
08/07 14:46:03 <FONT color="#CC6622"><U>User 'system' disconnected</U></FONT>
08/07 14:46:27 <FONT color="#2266CC"><U>User 'system' connected successfully</U></FONT>
08/07 14:46:27 <FONT color="#CC6622"><U>User 'system' disconnected</U></FONT>
08/07 14:48:36 <FONT color="#2266CC"><U>User 'system' connected successfully</U></FONT>
08/07 14:48:36 <FONT color="#CC6622"><U>User 'system' disconnected</U></FONT>
08/07 14:48:38 <FONT color="#2266CC"><U>User 'system' connected successfully</U></FONT>
08/07 14:48:38 <FONT color="#CC6622"><U>User 'system' disconnected</U></FONT>
08/07 14:49:17 <FONT color="#2266CC"><U>User 'system' connected successfully</U></FONT>
08/07 14:49:17 <FONT color="#CC6622"><U>User 'system' disconnected</U></FONT>
08/07 14:58:41 <FONT color="#2266CC"><U>User 'system' connected successfully</U></FONT>
08/07 14:58:41 <FONT color="#CC6622"><U>User 'system' disconnected</U></FONT>
08/07 15:02:59 <FONT color="#2266CC"><U>User 'system' connected successfully</U></FONT>
08/07 15:04:01 User 'system' try to start thread 'SubServer'
08/07 15:04:01 <FONT color="#0033CC"><B>SubServer started</B></FONT>
08/07 15:08:10 <FONT color="#2266CC"><U>User 'system' connected successfully</U></FONT>
08/07 15:08:13 User 'system' try to start thread 'SubServer'
08/07 15:08:13 <FONT color="#0033CC"><B>SubServer started</B></FONT>
08/07 15:19:48 <FONT color="#2266CC"><U>User 'system' connected successfully</U></FONT>
08/07 15:19:51 User 'system' try to start thread 'SubServer'
08/07 15:19:51 <FONT color="#0033CC"><B>SubServer started</B></FONT>
08/07 15:35:25 <FONT color="#2266CC"><U>User 'system' connected successfully</U></FONT>
08/07 15:35:27 User 'system' try to start thread 'SubServer'
08/07 15:35:27 <FONT color="#0033CC"><B>SubServer started</B></FONT>
08/07 15:40:37 <FONT color="#2266CC"><U>User 'system' connected successfully</U></FONT>
08/07 15:40:39 User 'system' try to start thread 'SubServer'
08/07 15:40:39 <FONT color="#0033CC"><B>SubServer started</B></FONT>
08/07 16:05:23 <FONT color="#2266CC"><U>User 'system' connected successfully</U></FONT>
08/07 16:05:25 User 'system' try to start thread 'SubServer'
08/07 16:05:26 <FONT color="#0033CC"><B>SubServer started</B></FONT>
08/07 16:11:02 <FONT color="#2266CC"><U>User 'system' connected successfully</U></FONT>
08/07 16:11:04 User 'system' try to start thread 'SubServer'
08/07 16:11:04 <FONT color="#0033CC"><B>SubServer started</B></FONT>
08/07 16:15:26 <FONT color="#2266CC"><U>User 'system' connected successfully</U></FONT>
08/07 16:15:29 User 'system' try to start thread 'SubServer'
08/07 16:15:30 <FONT color="#0033CC"><B>SubServer started</B></FONT>
08/07 16:16:19 <FONT color="#2266CC"><U>User 'system' connected successfully</U></FONT>
08/07 16:16:31 User 'system' try to start thread 'SubServer'
08/07 16:16:31 <FONT color="#0033CC"><B>SubServer started</B></FONT>
08/07 16:19:09 <FONT color="#2266CC"><U>User 'system' connected successfully</U></FONT>
08/07 16:19:16 User 'system' try to start thread 'SubServer'
08/07 16:19:17 <FONT color="#0033CC"><B>SubServer started</B></FONT>
08/07 16:23:37 <FONT color="#2266CC"><U>User 'system' connected successfully</U></FONT>
08/07 16:23:42 User 'system' try to start thread 'SubServer'
08/07 16:23:43 <FONT color="#0033CC"><B>SubServer started</B></FONT>
08/07 16:33:49 <FONT color="#2266CC"><U>User 'system' connected successfully</U></FONT>
08/07 16:33:52 User 'system' try to start thread 'SubServer'
08/07 16:33:52 <FONT color="#0033CC"><B>SubServer started</B></FONT>
08/07 16:37:31 <FONT color="#2266CC"><U>User 'system' connected successfully</U></FONT>
08/07 16:37:34 User 'system' try to start thread 'SubServer'
08/07 16:37:34 <FONT color="#0033CC"><B>SubServer started</B></FONT>
08/07 17:07:34 <FONT color="#2266CC"><U>User 'system' connected successfully</U></FONT>
08/07 17:07:36 User 'system' try to start thread 'SubServer'
08/07 17:07:37 <FONT color="#0033CC"><B>SubServer started</B></FONT>
08/07 17:16:05 <FONT color="#2266CC"><U>User 'system' connected successfully</U></FONT>
08/07 17:16:08 User 'system' try to start thread 'SubServer'
08/07 17:16:09 <FONT color="#0033CC"><B>SubServer started</B></FONT>
08/07 17:29:51 <FONT color="#2266CC"><U>User 'system' connected successfully</U></FONT>
08/07 17:29:54 User 'system' try to start thread 'SubServer'
08/07 17:29:54 <FONT color="#0033CC"><B>SubServer started</B></FONT>
08/07 17:33:34 <FONT color="#2266CC"><U>User 'system' connected successfully</U></FONT>
08/07 17:33:35 User 'system' try to start thread 'SubServer'
08/07 17:33:36 <FONT color="#0033CC"><B>SubServer started</B></FONT>
08/07 17:34:15 <FONT color="#2266CC"><U>User 'system' connected successfully</U></FONT>
08/07 17:34:16 User 'system' try to start thread 'SubServer'
08/07 17:34:17 <FONT color="#0033CC"><B>SubServer started</B></FONT>
08/07 17:35:56 <FONT color="#2266CC"><U>User 'system' connected successfully</U></FONT>
08/07 17:35:58 User 'system' try to start thread 'SubServer'
08/07 17:35:59 <FONT color="#0033CC"><B>SubServer started</B></FONT>
08/07 17:38:56 <FONT color="#2266CC"><U>User 'system' connected successfully</U></FONT>
08/07 17:38:58 User 'system' try to start thread 'SubServer'
08/07 17:38:58 <FONT color="#0033CC"><B>SubServer started</B></FONT>
08/07 17:41:11 <FONT color="#2266CC"><U>User 'system' connected successfully</U></FONT>
08/07 17:41:12 User 'system' try to start thread 'SubServer'
08/07 17:41:13 <FONT color="#0033CC"><B>SubServer started</B></FONT>
08/07 17:45:09 <FONT color="#2266CC"><U>User 'system' connected successfully</U></FONT>
08/07 17:45:11 User 'system' try to start thread 'SubServer'
08/07 17:45:11 <FONT color="#0033CC"><B>SubServer started</B></FONT>
08/07 23:03:34 <FONT color="#2266CC"><U>User 'system' connected successfully</U></FONT>
08/07 23:03:37 User 'system' try to start thread 'SubServer'
08/07 23:03:37 <FONT color="#0033CC"><B>SubServer started</B></FONT>
09/07 08:43:42 <FONT color="#2266CC"><U>User 'system' connected successfully</U></FONT>
09/07 08:43:43 User 'system' try to start thread 'SubServer'
09/07 08:43:44 <FONT color="#0033CC"><B>SubServer started</B></FONT>
09/07 08:52:51 <FONT color="#2266CC"><U>User 'system' connected successfully</U></FONT>
09/07 08:52:52 User 'system' try to start thread 'SubServer'
09/07 08:52:53 <FONT color="#0033CC"><B>SubServer started</B></FONT>
09/07 09:22:34 <FONT color="#2266CC"><U>User 'system' connected successfully</U></FONT>
09/07 09:22:35 User 'system' try to start thread 'SubServer'
09/07 09:22:36 <FONT color="#0033CC"><B>SubServer started</B></FONT>
09/07 09:25:04 <FONT color="#2266CC"><U>User 'system' connected successfully</U></FONT>
09/07 09:25:05 User 'system' try to start thread 'SubServer'
09/07 09:25:05 <FONT color="#0033CC"><B>SubServer started</B></FONT>
09/07 09:37:13 <FONT color="#2266CC"><U>User 'system' connected successfully</U></FONT>
09/07 09:37:15 User 'system' try to start thread 'SubServer'
09/07 09:37:15 <FONT color="#0033CC"><B>SubServer started</B></FONT>
09/07 09:48:35 <FONT color="#2266CC"><U>User 'system' connected successfully</U></FONT>
09/07 09:48:36 User 'system' try to start thread 'SubServer'
09/07 09:48:37 <FONT color="#0033CC"><B>SubServer started</B></FONT>
09/07 11:10:54 <FONT color="#CC6622"><U>User 'system' disconnected</U></FONT>
09/07 11:48:47 <FONT color="#2266CC"><U>User 'system' connected successfully</U></FONT>
09/07 11:48:49 User 'system' try to start thread 'SubServer'
09/07 11:48:49 <FONT color="#0033CC"><B>SubServer started</B></FONT>
09/07 14:22:55 <FONT color="#2266CC"><U>User 'system' connected successfully</U></FONT>
09/07 14:23:00 User 'system' try to start thread 'SubServer'
09/07 14:23:01 <FONT color="#0033CC"><B>SubServer started</B></FONT>
09/07 14:54:34 <FONT color="#2266CC"><U>User 'system' connected successfully</U></FONT>
09/07 14:54:36 User 'system' try to start thread 'SubServer'
09/07 14:54:37 <FONT color="#0033CC"><B>SubServer started</B></FONT>
09/07 14:57:28 <FONT color="#2266CC"><U>User 'system' connected successfully</U></FONT>
09/07 14:57:30 User 'system' try to start thread 'SubServer'
09/07 14:57:30 <FONT color="#0033CC"><B>SubServer started</B></FONT>
09/07 15:00:59 <FONT color="#2266CC"><U>User 'system' connected successfully</U></FONT>
09/07 15:01:00 User 'system' try to start thread 'SubServer'
09/07 15:01:01 <FONT color="#0033CC"><B>SubServer started</B></FONT>
09/07 16:18:49 <FONT color="#2266CC"><U>User 'system' connected successfully</U></FONT>
09/07 16:18:50 User 'system' try to start thread 'SubServer'
09/07 16:18:51 <FONT color="#0033CC"><B>SubServer started</B></FONT>
09/07 16:22:19 <FONT color="#CC6622"><U>User 'system' disconnected</U></FONT>
09/07 16:23:02 <FONT color="#2266CC"><U>User 'system' connected successfully</U></FONT>
09/07 17:09:45 <FONT color="#CC6622"><U>User 'system' disconnected</U></FONT>
10/07 08:51:47 <FONT color="#2266CC"><U>User 'system' connected successfully</U></FONT>
10/07 08:51:57 User 'system' try to start thread 'SubServer'
10/07 08:51:57 <FONT color="#0033CC"><B>SubServer started</B></FONT>
10/07 09:03:44 <FONT color="#CC6622"><U>User 'system' disconnected</U></FONT>
10/07 09:04:48 <FONT color="#2266CC"><U>User 'system' connected successfully</U></FONT>
10/07 09:27:53 <FONT color="#2266CC"><U>User 'system' connected successfully</U></FONT>
10/07 09:27:55 User 'system' try to start thread 'SubServer'
10/07 09:27:55 <FONT color="#0033CC"><B>SubServer started</B></FONT>
10/07 10:37:42 <FONT color="#CC6622"><U>User 'system' disconnected</U></FONT>
10/07 14:37:43 <FONT color="#2266CC"><U>User 'system' connected successfully</U></FONT>
10/07 14:37:46 User 'system' try to start thread 'SubServer'
10/07 14:37:46 <FONT color="#0033CC"><B>SubServer started</B></FONT>
13/07 09:13:43 <FONT color="#2266CC"><U>User 'system' connected successfully</U></FONT>
13/07 09:13:46 User 'system' try to start thread 'SubServer'
13/07 09:13:47 <FONT color="#0033CC"><B>SubServer started</B></FONT>
13/07 09:14:21 <FONT color="#2266CC"><U>User 'system' connected successfully</U></FONT>
13/07 09:14:23 User 'system' try to start thread 'SubServer'
13/07 09:14:24 <FONT color="#0033CC"><B>SubServer started</B></FONT>
13/07 09:16:33 <FONT color="#2266CC"><U>User 'system' connected successfully</U></FONT>
13/07 09:16:36 User 'system' try to start thread 'SubServer'
13/07 09:16:37 <FONT color="#0033CC"><B>SubServer started</B></FONT>
13/07 09:53:04 <FONT color="#2266CC"><U>User 'system' connected successfully</U></FONT>
13/07 09:53:09 User 'system' try to start thread 'SubServer'
13/07 09:53:10 <FONT color="#0033CC"><B>SubServer started</B></FONT>
13/07 10:32:05 <FONT color="#2266CC"><U>User 'system' connected successfully</U></FONT>
13/07 10:32:07 User 'system' try to start thread 'SubServer'
13/07 10:32:08 <FONT color="#0033CC"><B>SubServer started</B></FONT>
13/07 14:54:05 User 'system' try to destroy thread 'SubServer'
13/07 15:02:07 <FONT color="#2266CC"><U>User 'system' connected successfully</U></FONT>
13/07 15:02:09 User 'system' try to start thread 'SubServer'
13/07 15:02:10 <FONT color="#0033CC"><B>SubServer started</B></FONT>
13/07 15:26:05 <FONT color="#2266CC"><U>User 'system' connected successfully</U></FONT>
13/07 15:26:08 User 'system' try to start thread 'SubServer'
13/07 15:26:08 <FONT color="#0033CC"><B>SubServer started</B></FONT>
13/07 15:33:25 <FONT color="#2266CC"><U>User 'system' connected successfully</U></FONT>
13/07 15:33:28 User 'system' try to start thread 'SubServer'
13/07 15:33:28 <FONT color="#0033CC"><B>SubServer started</B></FONT>
13/07 15:35:24 <FONT color="#2266CC"><U>User 'system' connected successfully</U></FONT>
13/07 15:35:25 User 'system' try to start thread 'SubServer'
13/07 15:35:26 <FONT color="#0033CC"><B>SubServer started</B></FONT>
13/07 15:36:38 <FONT color="#2266CC"><U>User 'system' connected successfully</U></FONT>
13/07 15:36:40 User 'system' try to start thread 'SubServer'
13/07 15:36:40 <FONT color="#0033CC"><B>SubServer started</B></FONT>
13/07 16:35:47 <FONT color="#2266CC"><U>User 'system' connected successfully</U></FONT>
13/07 16:35:49 User 'system' try to start thread 'SubServer'
13/07 16:35:50 <FONT color="#0033CC"><B>SubServer started</B></FONT>
13/07 17:06:40 <FONT color="#2266CC"><U>User 'system' connected successfully</U></FONT>
13/07 17:06:45 User 'system' try to update parameter of thread 'SubServer'
13/07 17:06:45 Parameter of thread 'SubServer' updated
13/07 17:06:48 <FONT color="#CC6622"><U>User 'system' disconnected</U></FONT>
13/07 17:06:58 <FONT color="#0033CC"><B>SubServer started</B></FONT>
14/07 00:35:31 <FONT color="#0033CC"><B>SubServer started</B></FONT>
14/07 01:18:23 <FONT color="#0033CC"><B>SubServer started</B></FONT>
14/07 01:24:10 <FONT color="#0033CC"><B>SubServer started</B></FONT>
14/07 01:50:54 <FONT color="#0033CC"><B>SubServer started</B></FONT>
14/07 09:40:00 <FONT color="#0033CC"><B>SubServer started</B></FONT>
14/07 09:44:48 <FONT color="#0033CC"><B>SubServer started</B></FONT>
14/07 09:57:07 <FONT color="#0033CC"><B>SubServer started</B></FONT>
14/07 09:58:23 <FONT color="#0033CC"><B>SubServer started</B></FONT>
14/07 10:04:05 <FONT color="#0033CC"><B>SubServer started</B></FONT>
14/07 10:10:42 <FONT color="#0033CC"><B>SubServer started</B></FONT>
14/07 10:16:48 <FONT color="#0033CC"><B>SubServer started</B></FONT>
14/07 10:24:37 <FONT color="#0033CC"><B>SubServer started</B></FONT>
14/07 10:29:12 <FONT color="#0033CC"><B>SubServer started</B></FONT>
14/07 10:36:49 <FONT color="#0033CC"><B>SubServer started</B></FONT>
14/07 10:42:07 <FONT color="#0033CC"><B>SubServer started</B></FONT>
14/07 10:52:14 <FONT color="#0033CC"><B>SubServer started</B></FONT>
14/07 10:59:12 <FONT color="#0033CC"><B>SubServer started</B></FONT>
15/07 22:02:50 <FONT color="#0033CC"><B>SubServer started</B></FONT>
15/07 22:31:03 <FONT color="#0033CC"><B>SubServer started</B></FONT>
15/07 23:55:33 <FONT color="#0033CC"><B>SubServer started</B></FONT>
15/07 23:57:08 <FONT color="#0033CC"><B>SubServer started</B></FONT>
15/07 23:59:50 <FONT color="#0033CC"><B>SubServer started</B></FONT>
16/07 00:03:48 <FONT color="#0033CC"><B>SubServer started</B></FONT>
16/07 10:05:20 <FONT color="#0033CC"><B>SubServer started</B></FONT>
16/07 10:07:43 <FONT color="#0033CC"><B>SubServer started</B></FONT>
16/07 10:23:39 <FONT color="#0033CC"><B>SubServer started</B></FONT>
16/07 12:01:17 <FONT color="#0033CC"><B>SubServer started</B></FONT>
16/07 12:02:15 <FONT color="#2266CC"><U>User 'system' connected successfully</U></FONT>
16/07 12:02:16 <FONT color="#CC6622"><U>User 'system' disconnected</U></FONT>
16/07 12:02:19 <FONT color="#2266CC"><U>User 'system' connected successfully</U></FONT>
16/07 12:05:49 <FONT color="#0033CC"><B>SubServer started</B></FONT>
17/07 08:56:03 <FONT color="#0033CC"><B>SubServer started</B></FONT>
17/07 09:30:58 <FONT color="#0033CC"><B>SubServer started</B></FONT>
17/07 09:32:54 <FONT color="#0033CC"><B>SubServer started</B></FONT>
17/07 09:35:00 <FONT color="#0033CC"><B>SubServer started</B></FONT>
17/07 09:38:38 <FONT color="#0033CC"><B>SubServer started</B></FONT>
17/07 15:50:39 <FONT color="#0033CC"><B>SubServer started</B></FONT>
17/07 15:57:06 <FONT color="#0033CC"><B>SubServer started</B></FONT>
17/07 15:59:33 <FONT color="#0033CC"><B>SubServer started</B></FONT>
17/07 16:26:49 <FONT color="#0033CC"><B>SubServer started</B></FONT>
17/07 17:42:34 <FONT color="#0033CC"><B>SubServer started</B></FONT>
17/07 17:42:40 <FONT color="#2266CC"><U>User 'system' connected successfully</U></FONT>
17/07 17:42:44 User 'system' try to stop thread 'SubServer'
17/07 17:42:44 User 'system' try to start thread 'SubServer'
17/07 17:42:45 <FONT color="#CC0033"><B>SubServer stopped</B></FONT>
17/07 17:42:47 <FONT color="#0033CC"><B>SubServer started</B></FONT>
17/07 17:44:36 <FONT color="#0033CC"><B>SubServer started</B></FONT>
17/07 17:44:39 <FONT color="#2266CC"><U>User 'system' connected successfully</U></FONT>
17/07 17:46:50 <FONT color="#CC6622"><U>User 'system' disconnected</U></FONT>
17/07 18:19:53 <FONT color="#0033CC"><B>SubServer started</B></FONT>
17/07 18:28:54 <FONT color="#0033CC"><B>SubServer started</B></FONT>
20/07 15:34:09 <FONT color="#0033CC"><B>SubServer started</B></FONT>
20/07 15:42:42 <FONT color="#0033CC"><B>SubServer started</B></FONT>
20/07 15:45:08 <FONT color="#0033CC"><B>SubServer started</B></FONT>
18/09 19:23:20 <FONT color="#0033CC"><B>SubServer started</B></FONT>
18/09 19:25:24 <FONT color="#2266CC"><U>User 'system' connected successfully</U></FONT>
18/09 19:34:54 <FONT color="#0033CC"><B>SubServer started</B></FONT>
19/09 09:36:33 <FONT color="#0033CC"><B>SubServer started</B></FONT>
19/09 09:37:17 <FONT color="#2266CC"><U>User 'system' connected successfully</U></FONT>
